{
  "RSpec": {
    "coverage": {
      "/home/alluring-machine-842d/tic-tac-toe-rb-ruby-intro-000/lib/tic_tac_toe.rb": [
        null,
        1,
        null,
        null,
        null,
        null,
        null,
        null,
        null,
        null,
        null,
        1,
        18,
        18,
        18,
        18,
        18,
        null,
        null,
        1,
        18,
        null,
        null,
        1,
        18,
        null,
        null,
        1,
        18,
        null,
        null,
        1,
        18,
        null,
        null,
        1,
        23,
        23,
        207,
        45,
        null,
        null,
        null,
        23,
        null,
        null,
        1,
        23,
        null,
        null,
        1,
        18,
        18,
        null,
        18,
        null,
        18,
        18,
        18,
        null,
        null,
        null,
        0,
        0,
        null,
        null,
        null,
        1,
        29,
        194,
        194,
        194,
        null,
        194,
        194,
        194,
        null,
        194,
        8,
        null,
        null,
        null,
        null,
        21,
        null,
        null,
        1,
        144,
        null,
        null,
        1,
        15,
        null,
        null,
        1,
        19,
        null,
        null,
        1,
        0,
        null,
        0,
        0,
        null,
        null,
        null,
        null,
        null,
        1,
        12,
        18,
        null,
        null,
        12,
        5,
        7,
        3,
        null,
        4,
        null,
        null
      ]
    },
    "timestamp": 1612057330
  }
}
